{"meta": {"format": 3, "version": "7.9.1", "timestamp": "2025-07-02T01:02:05.625148", "branch_coverage": false, "show_contexts": false}, "files": {"_version.py": {"executed_lines": [2, 6, 7, 10, 11, 12, 15, 22, 30], "summary": {"covered_lines": 8, "num_statements": 8, "percent_covered": 100.0, "percent_covered_display": "100", "missing_lines": 0, "excluded_lines": 0}, "missing_lines": [], "excluded_lines": [], "functions": {"": {"executed_lines": [2, 6, 7, 10, 11, 12, 15, 22, 30], "summary": {"covered_lines": 8, "num_statements": 8, "percent_covered": 100.0, "percent_covered_display": "100", "missing_lines": 0, "excluded_lines": 0}, "missing_lines": [], "excluded_lines": []}}, "classes": {"": {"executed_lines": [2, 6, 7, 10, 11, 12, 15, 22, 30], "summary": {"covered_lines": 8, "num_statements": 8, "percent_covered": 100.0, "percent_covered_display": "100", "missing_lines": 0, "excluded_lines": 0}, "missing_lines": [], "excluded_lines": []}}}, "app.py": {"executed_lines": [2, 11, 13, 14, 15, 16, 17, 18, 19, 20, 21, 22, 23, 24, 26, 28, 31, 32, 33, 34, 35, 38, 39, 42, 47, 48, 51, 61, 62, 63, 66, 67, 69, 72, 73, 74, 75, 76, 77, 79, 80, 84, 85, 86, 87, 88, 94, 95, 96, 99, 100, 101, 104, 105, 107, 108, 117, 118, 119, 121, 122, 125, 126, 127, 130, 133, 138, 139, 141, 142, 143, 144, 145, 148, 149, 153, 155, 156, 157, 158, 160, 161, 162, 165, 166, 170, 172, 173, 174, 176, 177, 178, 181, 182, 183, 184, 186, 187, 189, 190, 191, 194, 195, 199, 201, 202, 204, 205, 206, 213, 216, 217, 218, 219, 221, 223, 225, 226, 227, 234, 235, 240, 242, 243, 244, 245, 247, 248, 249, 252, 254, 255, 256, 264, 265, 266, 273, 274, 281, 282, 283, 286, 345, 371], "summary": {"covered_lines": 143, "num_statements": 179, "percent_covered": 79.88826815642459, "percent_covered_display": "80", "missing_lines": 36, "excluded_lines": 0}, "missing_lines": [291, 298, 305, 308, 330, 331, 334, 335, 341, 342, 349, 350, 351, 354, 355, 356, 359, 360, 361, 362, 363, 364, 366, 368, 372, 375, 377, 379, 380, 381, 383, 384, 385, 386, 387, 388], "excluded_lines": [], "functions": {"sanitize_for_logging": {"executed_lines": [47, 48, 51, 61, 62, 63, 66, 67, 69], "summary": {"covered_lines": 9, "num_statements": 9, "percent_covered": 100.0, "percent_covered_display": "100", "missing_lines": 0, "excluded_lines": 0}, "missing_lines": [], "excluded_lines": []}, "add_security_headers": {"executed_lines": [74, 75, 76, 77, 79, 80], "summary": {"covered_lines": 6, "num_statements": 6, "percent_covered": 100.0, "percent_covered_display": "100", "missing_lines": 0, "excluded_lines": 0}, "missing_lines": [], "excluded_lines": []}, "request_entity_too_large": {"executed_lines": [86, 87, 88], "summary": {"covered_lines": 3, "num_statements": 3, "percent_covered": 100.0, "percent_covered_display": "100", "missing_lines": 0, "excluded_lines": 0}, "missing_lines": [], "excluded_lines": []}, "index": {"executed_lines": [96], "summary": {"covered_lines": 1, "num_statements": 1, "percent_covered": 100.0, "percent_covered_display": "100", "missing_lines": 0, "excluded_lines": 0}, "missing_lines": [], "excluded_lines": []}, "security": {"executed_lines": [101], "summary": {"covered_lines": 1, "num_statements": 1, "percent_covered": 100.0, "percent_covered_display": "100", "missing_lines": 0, "excluded_lines": 0}, "missing_lines": [], "excluded_lines": []}, "version": {"executed_lines": [107, 108], "summary": {"covered_lines": 2, "num_statements": 2, "percent_covered": 100.0, "percent_covered_display": "100", "missing_lines": 0, "excluded_lines": 0}, "missing_lines": [], "excluded_lines": []}, "generate_csr": {"executed_lines": [119, 121, 122, 125, 126, 127, 130, 133, 138, 139, 141, 142, 143, 144, 145, 148, 149, 153, 155, 156, 157, 158, 160, 161, 162], "summary": {"covered_lines": 25, "num_statements": 25, "percent_covered": 100.0, "percent_covered_display": "100", "missing_lines": 0, "excluded_lines": 0}, "missing_lines": [], "excluded_lines": []}, "verify_csr_private_key": {"executed_lines": [170, 172, 173, 174, 176, 177, 178, 181, 182, 183, 184, 186, 187, 189, 190, 191], "summary": {"covered_lines": 16, "num_statements": 16, "percent_covered": 100.0, "percent_covered_display": "100", "missing_lines": 0, "excluded_lines": 0}, "missing_lines": [], "excluded_lines": []}, "analyze_csr": {"executed_lines": [199, 201, 202, 204, 205, 206, 213, 216, 217, 218, 219, 221, 223, 225, 226, 227], "summary": {"covered_lines": 16, "num_statements": 16, "percent_covered": 100.0, "percent_covered_display": "100", "missing_lines": 0, "excluded_lines": 0}, "missing_lines": [], "excluded_lines": []}, "verify_certificate_private_key": {"executed_lines": [240, 242, 243, 244, 245, 247, 248, 249, 252, 254, 255, 256, 264, 265, 266, 273, 274, 281, 282, 283], "summary": {"covered_lines": 20, "num_statements": 20, "percent_covered": 100.0, "percent_covered_display": "100", "missing_lines": 0, "excluded_lines": 0}, "missing_lines": [], "excluded_lines": []}, "create_self_signed_cert": {"executed_lines": [], "summary": {"covered_lines": 0, "num_statements": 10, "percent_covered": 0.0, "percent_covered_display": "0", "missing_lines": 10, "excluded_lines": 0}, "missing_lines": [291, 298, 305, 308, 330, 331, 334, 335, 341, 342], "excluded_lines": []}, "setup_https": {"executed_lines": [], "summary": {"covered_lines": 0, "num_statements": 14, "percent_covered": 0.0, "percent_covered_display": "0", "missing_lines": 14, "excluded_lines": 0}, "missing_lines": [349, 350, 351, 354, 355, 356, 359, 360, 361, 362, 363, 364, 366, 368], "excluded_lines": []}, "": {"executed_lines": [2, 11, 13, 14, 15, 16, 17, 18, 19, 20, 21, 22, 23, 24, 26, 28, 31, 32, 33, 34, 35, 38, 39, 42, 72, 73, 84, 85, 94, 95, 99, 100, 104, 105, 117, 118, 165, 166, 194, 195, 234, 235, 286, 345, 371], "summary": {"covered_lines": 44, "num_statements": 56, "percent_covered": 78.57142857142857, "percent_covered_display": "79", "missing_lines": 12, "excluded_lines": 0}, "missing_lines": [372, 375, 377, 379, 380, 381, 383, 384, 385, 386, 387, 388], "excluded_lines": []}}, "classes": {"": {"executed_lines": [2, 11, 13, 14, 15, 16, 17, 18, 19, 20, 21, 22, 23, 24, 26, 28, 31, 32, 33, 34, 35, 38, 39, 42, 47, 48, 51, 61, 62, 63, 66, 67, 69, 72, 73, 74, 75, 76, 77, 79, 80, 84, 85, 86, 87, 88, 94, 95, 96, 99, 100, 101, 104, 105, 107, 108, 117, 118, 119, 121, 122, 125, 126, 127, 130, 133, 138, 139, 141, 142, 143, 144, 145, 148, 149, 153, 155, 156, 157, 158, 160, 161, 162, 165, 166, 170, 172, 173, 174, 176, 177, 178, 181, 182, 183, 184, 186, 187, 189, 190, 191, 194, 195, 199, 201, 202, 204, 205, 206, 213, 216, 217, 218, 219, 221, 223, 225, 226, 227, 234, 235, 240, 242, 243, 244, 245, 247, 248, 249, 252, 254, 255, 256, 264, 265, 266, 273, 274, 281, 282, 283, 286, 345, 371], "summary": {"covered_lines": 143, "num_statements": 179, "percent_covered": 79.88826815642459, "percent_covered_display": "80", "missing_lines": 36, "excluded_lines": 0}, "missing_lines": [291, 298, 305, 308, 330, 331, 334, 335, 341, 342, 349, 350, 351, 354, 355, 356, 359, 360, 361, 362, 363, 364, 366, 368, 372, 375, 377, 379, 380, 381, 383, 384, 385, 386, 387, 388], "excluded_lines": []}}}, "csr.py": {"executed_lines": [4, 23, 25, 26, 27, 28, 29, 32, 34, 36, 37, 40, 41, 44, 50, 53, 62, 63, 64, 65, 66, 68, 70, 73, 75, 76, 78, 80, 83, 84, 85, 86, 88, 90, 99, 103, 107, 108, 111, 112, 115, 117, 118, 119, 122, 125, 126, 129, 132, 133, 134, 136, 137, 138, 139, 142, 143, 144, 146, 147, 149, 151, 154, 155, 156, 158, 159, 160, 163, 164, 165, 168, 172, 173, 176, 177, 179, 181, 182, 183, 184, 187, 189, 190, 192, 193, 195, 198, 199, 200, 201, 204, 208, 209, 210, 212, 215, 217, 221, 224, 225, 228, 230, 233, 237, 240, 243, 245, 246, 247, 248, 250, 252, 253, 254, 256, 257, 258, 259, 261, 263, 268, 269, 271, 272, 274, 276, 280, 281, 284, 285, 288, 295, 297, 299, 300, 301, 303, 304, 305, 306, 308, 309, 311, 318, 319, 320, 322, 323, 333, 335, 338, 339, 342, 345, 348, 351, 356, 359, 361, 376, 377, 384, 385, 387, 389, 391, 393, 394, 404, 406, 407, 408, 410, 411, 412, 413, 432, 433, 439, 440, 442, 443, 446, 457, 458, 459, 462, 465, 466, 473, 479, 480, 482, 484, 486, 487, 490, 491, 494, 495, 497, 499, 500, 501, 502, 506, 523, 525, 527, 528, 530, 531, 532, 533, 535, 537, 538, 540, 549, 556, 557, 564, 569, 575, 576, 578, 581, 584, 585, 593, 594, 595, 596, 603, 604, 613, 622, 623, 624, 634, 635, 636, 642, 643, 649, 650, 656, 657, 658, 659, 665, 666, 672, 673, 681, 682, 683, 684, 687, 688, 689, 690, 699, 700, 701, 702, 703, 704, 705, 706, 707, 708, 709, 710, 713, 714, 715, 716, 717, 718, 719, 720, 722, 724, 725, 727, 728, 729, 730, 732, 733, 735, 736, 737, 738, 739, 740, 741, 742, 743, 744, 746, 753, 755, 756, 758, 760, 761, 766, 768, 771, 772, 773, 781, 782, 787, 790, 791, 800, 801, 809, 818, 819, 827, 828, 829, 832, 841, 844, 845, 854, 855, 856, 861, 864, 865, 872, 873, 880, 881, 887, 889, 890, 892, 893, 895, 898, 899, 901, 902, 903, 904, 907, 908, 911, 912, 914, 916, 917, 919, 922, 925, 927, 929, 943, 944, 950, 951, 953, 955, 956, 959, 960, 962, 970, 971, 977, 978, 980, 981, 982, 983, 984, 985, 986, 987, 988, 989, 991, 993, 994, 996, 1002, 1004, 1005, 1007, 1009, 1011, 1012, 1014, 1015, 1017, 1018, 1024, 1025, 1030, 1031, 1037, 1039, 1040, 1056, 1058, 1059, 1060, 1061, 1062, 1063, 1071, 1072, 1073, 1074, 1075, 1076, 1084, 1088, 1090, 1091, 1092, 1095, 1096, 1098, 1101, 1102, 1112, 1113, 1115, 1116, 1118, 1119, 1126, 1133, 1134, 1149, 1150, 1169, 1171, 1172, 1173, 1174, 1175, 1176, 1184, 1185, 1189, 1192, 1193, 1218, 1220, 1222, 1231, 1239, 1242, 1243, 1245, 1248, 1249, 1262, 1263, 1265, 1266, 1268, 1269, 1276, 1291, 1292, 1302, 1303, 1306, 1315, 1316, 1317, 1320, 1324, 1325, 1326, 1328, 1329, 1331, 1334], "summary": {"covered_lines": 489, "num_statements": 537, "percent_covered": 91.06145251396649, "percent_covered_display": "91", "missing_lines": 48, "excluded_lines": 0}, "missing_lines": [100, 104, 120, 148, 150, 169, 205, 218, 231, 234, 241, 422, 423, 425, 504, 515, 566, 567, 792, 802, 807, 810, 815, 820, 833, 838, 846, 935, 936, 1141, 1142, 1187, 1194, 1195, 1204, 1205, 1206, 1207, 1208, 1209, 1223, 1283, 1284, 1321, 1330, 1332, 1336, 1338], "excluded_lines": [], "functions": {"CsrGenerator.__init__": {"executed_lines": [63, 64, 65, 66, 68, 70, 73, 75, 76, 78, 80, 83, 84, 85, 86, 88], "summary": {"covered_lines": 16, "num_statements": 16, "percent_covered": 100.0, "percent_covered_display": "100", "missing_lines": 0, "excluded_lines": 0}, "missing_lines": [], "excluded_lines": []}, "CsrGenerator._validate_domain_rfc_compliance": {"executed_lines": [99, 103, 107, 108, 111, 112, 115, 117, 118, 119, 122, 125, 126, 129, 132, 133, 134, 136, 137, 138, 139, 142, 143, 144, 146, 147, 149, 151, 154, 155, 156, 158, 159, 160, 163, 164, 165, 168, 172, 173, 176, 177, 179], "summary": {"covered_lines": 43, "num_statements": 49, "percent_covered": 87.75510204081633, "percent_covered_display": "88", "missing_lines": 6, "excluded_lines": 0}, "missing_lines": [100, 104, 120, 148, 150, 169], "excluded_lines": []}, "CsrGenerator._validate": {"executed_lines": [182, 183, 184, 187, 189, 190, 192, 193, 195, 198, 199, 200, 201, 204, 208, 209, 210, 212, 215, 217, 221, 224, 225, 228, 230, 233, 237, 240, 243, 245, 246, 247, 248, 250, 252, 253, 254, 256, 257, 258, 259, 261], "summary": {"covered_lines": 42, "num_statements": 47, "percent_covered": 89.36170212765957, "percent_covered_display": "89", "missing_lines": 5, "excluded_lines": 0}, "missing_lines": [205, 218, 231, 234, 241], "excluded_lines": []}, "CsrGenerator.generate_rsa_keypair": {"executed_lines": [268, 269, 271, 272, 274], "summary": {"covered_lines": 5, "num_statements": 5, "percent_covered": 100.0, "percent_covered_display": "100", "missing_lines": 0, "excluded_lines": 0}, "missing_lines": [], "excluded_lines": []}, "CsrGenerator.generate_ecdsa_keypair": {"executed_lines": [280, 281, 284, 285, 288, 295, 297], "summary": {"covered_lines": 7, "num_statements": 7, "percent_covered": 100.0, "percent_covered_display": "100", "missing_lines": 0, "excluded_lines": 0}, "missing_lines": [], "excluded_lines": []}, "CsrGenerator.private_key": {"executed_lines": [301], "summary": {"covered_lines": 1, "num_statements": 1, "percent_covered": 100.0, "percent_covered_display": "100", "missing_lines": 0, "excluded_lines": 0}, "missing_lines": [], "excluded_lines": []}, "CsrGenerator.csr": {"executed_lines": [305, 306, 308, 309, 311, 318, 319, 320], "summary": {"covered_lines": 8, "num_statements": 8, "percent_covered": 100.0, "percent_covered_display": "100", "missing_lines": 0, "excluded_lines": 0}, "missing_lines": [], "excluded_lines": []}, "CsrGenerator.analyze_csr": {"executed_lines": [333, 335, 338, 339, 342, 345, 348, 351, 356, 359, 361, 376, 377], "summary": {"covered_lines": 13, "num_statements": 13, "percent_covered": 100.0, "percent_covered_display": "100", "missing_lines": 0, "excluded_lines": 0}, "missing_lines": [], "excluded_lines": []}, "CsrGenerator._analyze_public_key": {"executed_lines": [387, 389, 391, 393, 394, 404, 406, 407, 408, 410, 411, 412, 413, 432, 433], "summary": {"covered_lines": 15, "num_statements": 18, "percent_covered": 83.33333333333333, "percent_covered_display": "83", "missing_lines": 3, "excluded_lines": 0}, "missing_lines": [422, 423, 425], "excluded_lines": []}, "CsrGenerator._extract_subject_info": {"executed_lines": [442, 443, 446, 457, 458, 459, 462, 465, 466, 473], "summary": {"covered_lines": 10, "num_statements": 10, "percent_covered": 100.0, "percent_covered_display": "100", "missing_lines": 0, "excluded_lines": 0}, "missing_lines": [], "excluded_lines": []}, "CsrGenerator._extract_extensions": {"executed_lines": [482, 484, 486, 487, 490, 491, 494, 495, 497, 499, 500, 501, 502, 506, 523, 525, 527, 528, 530, 531, 532, 533, 535, 537, 538, 540, 549, 556, 557, 564, 569], "summary": {"covered_lines": 31, "num_statements": 35, "percent_covered": 88.57142857142857, "percent_covered_display": "89", "missing_lines": 4, "excluded_lines": 0}, "missing_lines": [504, 515, 566, 567], "excluded_lines": []}, "CsrGenerator._check_rfc_compliance": {"executed_lines": [578, 581, 584, 585, 593, 594, 595, 596, 603, 604, 613, 622, 623, 624, 634, 635, 636, 642, 643, 649, 650, 656, 657, 658, 659, 665, 666, 672, 673, 681, 682, 683, 684, 687, 688, 689, 690, 699, 700, 701, 702, 703, 704, 705, 706, 707, 708, 709, 710, 713, 714, 715, 716, 717, 718, 719, 720, 722], "summary": {"covered_lines": 58, "num_statements": 58, "percent_covered": 100.0, "percent_covered_display": "100", "missing_lines": 0, "excluded_lines": 0}, "missing_lines": [], "excluded_lines": []}, "CsrGenerator._is_ip_address": {"executed_lines": [727, 728, 729, 730], "summary": {"covered_lines": 4, "num_statements": 4, "percent_covered": 100.0, "percent_covered_display": "100", "missing_lines": 0, "excluded_lines": 0}, "missing_lines": [], "excluded_lines": []}, "CsrGenerator._check_san_compliance": {"executed_lines": [735, 736, 737, 738, 739, 740, 741, 742, 743, 744, 746, 753], "summary": {"covered_lines": 12, "num_statements": 12, "percent_covered": 100.0, "percent_covered_display": "100", "missing_lines": 0, "excluded_lines": 0}, "missing_lines": [], "excluded_lines": []}, "CsrGenerator._check_domain_rfc_compliance": {"executed_lines": [758, 760, 761, 766, 768, 771, 772, 773, 781, 782, 787, 790, 791, 800, 801, 809, 818, 819, 827, 828, 829, 832, 841, 844, 845, 854, 855, 856, 861, 864, 865, 872, 873, 880, 881, 887], "summary": {"covered_lines": 36, "num_statements": 45, "percent_covered": 80.0, "percent_covered_display": "80", "missing_lines": 9, "excluded_lines": 0}, "missing_lines": [792, 802, 807, 810, 815, 820, 833, 838, 846], "excluded_lines": []}, "CsrGenerator._is_private_domain": {"executed_lines": [892, 893, 895, 898, 899, 901, 902, 903, 904, 907, 908, 911, 912, 914], "summary": {"covered_lines": 14, "num_statements": 14, "percent_covered": 100.0, "percent_covered_display": "100", "missing_lines": 0, "excluded_lines": 0}, "missing_lines": [], "excluded_lines": []}, "CsrGenerator._analyze_signature": {"executed_lines": [919, 922, 925, 927, 929, 943, 944], "summary": {"covered_lines": 7, "num_statements": 9, "percent_covered": 77.77777777777777, "percent_covered_display": "78", "missing_lines": 2, "excluded_lines": 0}, "missing_lines": [935, 936], "excluded_lines": []}, "CsrGenerator._check_csr_validity": {"executed_lines": [953, 955, 956, 959, 960, 962, 970, 971], "summary": {"covered_lines": 8, "num_statements": 8, "percent_covered": 100.0, "percent_covered_display": "100", "missing_lines": 0, "excluded_lines": 0}, "missing_lines": [], "excluded_lines": []}, "CsrGenerator._get_rsa_security_level": {"executed_lines": [980, 981, 982, 983, 984, 985, 986, 987, 988, 989, 991], "summary": {"covered_lines": 11, "num_statements": 11, "percent_covered": 100.0, "percent_covered_display": "100", "missing_lines": 0, "excluded_lines": 0}, "missing_lines": [], "excluded_lines": []}, "CsrGenerator._get_ecdsa_security_level": {"executed_lines": [996, 1002], "summary": {"covered_lines": 2, "num_statements": 2, "percent_covered": 100.0, "percent_covered_display": "100", "missing_lines": 0, "excluded_lines": 0}, "missing_lines": [], "excluded_lines": []}, "CsrGenerator._get_error_suggestions": {"executed_lines": [1007, 1009, 1011, 1012, 1014, 1015, 1017, 1018, 1024, 1025, 1030, 1031, 1037], "summary": {"covered_lines": 13, "num_statements": 13, "percent_covered": 100.0, "percent_covered_display": "100", "missing_lines": 0, "excluded_lines": 0}, "missing_lines": [], "excluded_lines": []}, "CsrGenerator.verify_csr_private_key_match": {"executed_lines": [1056, 1058, 1059, 1060, 1061, 1062, 1063, 1071, 1072, 1073, 1074, 1075, 1076, 1084, 1088, 1090, 1091, 1092, 1095, 1096, 1098, 1101, 1102, 1112, 1113, 1115, 1116, 1118, 1119, 1126, 1133, 1134], "summary": {"covered_lines": 32, "num_statements": 34, "percent_covered": 94.11764705882354, "percent_covered_display": "94", "missing_lines": 2, "excluded_lines": 0}, "missing_lines": [1141, 1142], "excluded_lines": []}, "CsrGenerator.verify_certificate_private_key_match": {"executed_lines": [1169, 1171, 1172, 1173, 1174, 1175, 1176, 1184, 1185, 1189, 1192, 1193, 1218, 1220, 1222, 1231, 1239, 1242, 1243, 1245, 1248, 1249, 1262, 1263, 1265, 1266, 1268, 1269, 1276], "summary": {"covered_lines": 29, "num_statements": 41, "percent_covered": 70.73170731707317, "percent_covered_display": "71", "missing_lines": 12, "excluded_lines": 0}, "missing_lines": [1187, 1194, 1195, 1204, 1205, 1206, 1207, 1208, 1209, 1223, 1283, 1284], "excluded_lines": []}, "CsrGenerator._is_private_key_encrypted": {"executed_lines": [1302, 1303, 1306, 1315, 1316, 1317, 1320, 1324, 1325, 1326, 1328, 1329, 1331, 1334], "summary": {"covered_lines": 14, "num_statements": 19, "percent_covered": 73.6842105263158, "percent_covered_display": "74", "missing_lines": 5, "excluded_lines": 0}, "missing_lines": [1321, 1330, 1332, 1336, 1338], "excluded_lines": []}, "": {"executed_lines": [4, 23, 25, 26, 27, 28, 29, 32, 34, 36, 37, 40, 41, 44, 50, 53, 62, 90, 181, 263, 276, 299, 300, 303, 304, 322, 323, 384, 385, 439, 440, 479, 480, 575, 576, 724, 725, 732, 733, 755, 756, 889, 890, 916, 917, 950, 951, 977, 978, 993, 994, 1004, 1005, 1039, 1040, 1149, 1150, 1291, 1292], "summary": {"covered_lines": 58, "num_statements": 58, "percent_covered": 100.0, "percent_covered_display": "100", "missing_lines": 0, "excluded_lines": 0}, "missing_lines": [], "excluded_lines": []}}, "classes": {"CsrGenerator": {"executed_lines": [63, 64, 65, 66, 68, 70, 73, 75, 76, 78, 80, 83, 84, 85, 86, 88, 99, 103, 107, 108, 111, 112, 115, 117, 118, 119, 122, 125, 126, 129, 132, 133, 134, 136, 137, 138, 139, 142, 143, 144, 146, 147, 149, 151, 154, 155, 156, 158, 159, 160, 163, 164, 165, 168, 172, 173, 176, 177, 179, 182, 183, 184, 187, 189, 190, 192, 193, 195, 198, 199, 200, 201, 204, 208, 209, 210, 212, 215, 217, 221, 224, 225, 228, 230, 233, 237, 240, 243, 245, 246, 247, 248, 250, 252, 253, 254, 256, 257, 258, 259, 261, 268, 269, 271, 272, 274, 280, 281, 284, 285, 288, 295, 297, 301, 305, 306, 308, 309, 311, 318, 319, 320, 333, 335, 338, 339, 342, 345, 348, 351, 356, 359, 361, 376, 377, 387, 389, 391, 393, 394, 404, 406, 407, 408, 410, 411, 412, 413, 432, 433, 442, 443, 446, 457, 458, 459, 462, 465, 466, 473, 482, 484, 486, 487, 490, 491, 494, 495, 497, 499, 500, 501, 502, 506, 523, 525, 527, 528, 530, 531, 532, 533, 535, 537, 538, 540, 549, 556, 557, 564, 569, 578, 581, 584, 585, 593, 594, 595, 596, 603, 604, 613, 622, 623, 624, 634, 635, 636, 642, 643, 649, 650, 656, 657, 658, 659, 665, 666, 672, 673, 681, 682, 683, 684, 687, 688, 689, 690, 699, 700, 701, 702, 703, 704, 705, 706, 707, 708, 709, 710, 713, 714, 715, 716, 717, 718, 719, 720, 722, 727, 728, 729, 730, 735, 736, 737, 738, 739, 740, 741, 742, 743, 744, 746, 753, 758, 760, 761, 766, 768, 771, 772, 773, 781, 782, 787, 790, 791, 800, 801, 809, 818, 819, 827, 828, 829, 832, 841, 844, 845, 854, 855, 856, 861, 864, 865, 872, 873, 880, 881, 887, 892, 893, 895, 898, 899, 901, 902, 903, 904, 907, 908, 911, 912, 914, 919, 922, 925, 927, 929, 943, 944, 953, 955, 956, 959, 960, 962, 970, 971, 980, 981, 982, 983, 984, 985, 986, 987, 988, 989, 991, 996, 1002, 1007, 1009, 1011, 1012, 1014, 1015, 1017, 1018, 1024, 1025, 1030, 1031, 1037, 1056, 1058, 1059, 1060, 1061, 1062, 1063, 1071, 1072, 1073, 1074, 1075, 1076, 1084, 1088, 1090, 1091, 1092, 1095, 1096, 1098, 1101, 1102, 1112, 1113, 1115, 1116, 1118, 1119, 1126, 1133, 1134, 1169, 1171, 1172, 1173, 1174, 1175, 1176, 1184, 1185, 1189, 1192, 1193, 1218, 1220, 1222, 1231, 1239, 1242, 1243, 1245, 1248, 1249, 1262, 1263, 1265, 1266, 1268, 1269, 1276, 1302, 1303, 1306, 1315, 1316, 1317, 1320, 1324, 1325, 1326, 1328, 1329, 1331, 1334], "summary": {"covered_lines": 431, "num_statements": 479, "percent_covered": 89.97912317327766, "percent_covered_display": "90", "missing_lines": 48, "excluded_lines": 0}, "missing_lines": [100, 104, 120, 148, 150, 169, 205, 218, 231, 234, 241, 422, 423, 425, 504, 515, 566, 567, 792, 802, 807, 810, 815, 820, 833, 838, 846, 935, 936, 1141, 1142, 1187, 1194, 1195, 1204, 1205, 1206, 1207, 1208, 1209, 1223, 1283, 1284, 1321, 1330, 1332, 1336, 1338], "excluded_lines": []}, "": {"executed_lines": [4, 23, 25, 26, 27, 28, 29, 32, 34, 36, 37, 40, 41, 44, 50, 53, 62, 90, 181, 263, 276, 299, 300, 303, 304, 322, 323, 384, 385, 439, 440, 479, 480, 575, 576, 724, 725, 732, 733, 755, 756, 889, 890, 916, 917, 950, 951, 977, 978, 993, 994, 1004, 1005, 1039, 1040, 1149, 1150, 1291, 1292], "summary": {"covered_lines": 58, "num_statements": 58, "percent_covered": 100.0, "percent_covered_display": "100", "missing_lines": 0, "excluded_lines": 0}, "missing_lines": [], "excluded_lines": []}}}}, "totals": {"covered_lines": 640, "num_statements": 724, "percent_covered": 88.39779005524862, "percent_covered_display": "88", "missing_lines": 84, "excluded_lines": 0}}